[2026-01-07 13:49:19] local.ERROR: could not find driver (Connection: sqlite, SQL: select exists (select 1 from "main".sqlite_master where name = 'migrations' and type = 'table') as "exists") {"exception":"[object] (Illuminate\\Database\\QueryException(code: 0): could not find driver (Connection: sqlite, SQL: select exists (select 1 from \"main\".sqlite_master where name = 'migrations' and type = 'table') as \"exists\") at C:\\Users\\MOHAMED\\Documents\\GitHub\\UniConnect\\back-end\\backend\\vendor\\laravel\\framework\\src\\Illuminate\\Database\\Connection.php:826)
[stacktrace]
#0 C:\\Users\\MOHAMED\\Documents\\GitHub\\UniConnect\\back-end\\backend\\vendor\\laravel\\framework\\src\\Illuminate\\Database\\Connection.php(780): Illuminate\\Database\\Connection->runQueryCallback()
#1 C:\\Users\\MOHAMED\\Documents\\GitHub\\UniConnect\\back-end\\backend\\vendor\\laravel\\framework\\src\\Illuminate\\Database\\Connection.php(397): Illuminate\\Database\\Connection->run()
#2 C:\\Users\\MOHAMED\\Documents\\GitHub\\UniConnect\\back-end\\backend\\vendor\\laravel\\framework\\src\\Illuminate\\Database\\Connection.php(343): Illuminate\\Database\\Connection->select()
#3 C:\\Users\\MOHAMED\\Documents\\GitHub\\UniConnect\\back-end\\backend\\vendor\\laravel\\framework\\src\\Illuminate\\Database\\Connection.php(360): Illuminate\\Database\\Connection->selectOne()
#4 C:\\Users\\MOHAMED\\Documents\\GitHub\\UniConnect\\back-end\\backend\\vendor\\laravel\\framework\\src\\Illuminate\\Database\\Schema\\Builder.php(174): Illuminate\\Database\\Connection->scalar()
#5 C:\\Users\\MOHAMED\\Documents\\GitHub\\UniConnect\\back-end\\backend\\vendor\\laravel\\framework\\src\\Illuminate\\Database\\Migrations\\DatabaseMigrationRepository.php(185): Illuminate\\Database\\Schema\\Builder->hasTable()
#6 C:\\Users\\MOHAMED\\Documents\\GitHub\\UniConnect\\back-end\\backend\\vendor\\laravel\\framework\\src\\Illuminate\\Database\\Migrations\\Migrator.php(753): Illuminate\\Database\\Migrations\\DatabaseMigrationRepository->repositoryExists()
#7 C:\\Users\\MOHAMED\\Documents\\GitHub\\UniConnect\\back-end\\backend\\vendor\\laravel\\framework\\src\\Illuminate\\Database\\Console\\Migrations\\MigrateCommand.php(164): Illuminate\\Database\\Migrations\\Migrator->repositoryExists()
#8 C:\\Users\\MOHAMED\\Documents\\GitHub\\UniConnect\\back-end\\backend\\vendor\\laravel\\framework\\src\\Illuminate\\Support\\helpers.php(329): Illuminate\\Database\\Console\\Migrations\\MigrateCommand->{closure:Illuminate\\Database\\Console\\Migrations\\MigrateCommand::repositoryExists():164}()
#9 C:\\Users\\MOHAMED\\Documents\\GitHub\\UniConnect\\back-end\\backend\\vendor\\laravel\\framework\\src\\Illuminate\\Database\\Console\\Migrations\\MigrateCommand.php(164): retry()
#10 C:\\Users\\MOHAMED\\Documents\\GitHub\\UniConnect\\back-end\\backend\\vendor\\laravel\\framework\\src\\Illuminate\\Database\\Console\\Migrations\\MigrateCommand.php(140): Illuminate\\Database\\Console\\Migrations\\MigrateCommand->repositoryExists()
#11 C:\\Users\\MOHAMED\\Documents\\GitHub\\UniConnect\\back-end\\backend\\vendor\\laravel\\framework\\src\\Illuminate\\Database\\Console\\Migrations\\MigrateCommand.php(110): Illuminate\\Database\\Console\\Migrations\\MigrateCommand->prepareDatabase()
#12 C:\\Users\\MOHAMED\\Documents\\GitHub\\UniConnect\\back-end\\backend\\vendor\\laravel\\framework\\src\\Illuminate\\Database\\Migrations\\Migrator.php(666): Illuminate\\Database\\Console\\Migrations\\MigrateCommand->{closure:Illuminate\\Database\\Console\\Migrations\\MigrateCommand::runMigrations():109}()
#13 C:\\Users\\MOHAMED\\Documents\\GitHub\\UniConnect\\back-end\\backend\\vendor\\laravel\\framework\\src\\Illuminate\\Database\\Console\\Migrations\\MigrateCommand.php(109): Illuminate\\Database\\Migrations\\Migrator->usingConnection()
#14 C:\\Users\\MOHAMED\\Documents\\GitHub\\UniConnect\\back-end\\backend\\vendor\\laravel\\framework\\src\\Illuminate\\Database\\Console\\Migrations\\MigrateCommand.php(88): Illuminate\\Database\\Console\\Migrations\\MigrateCommand->runMigrations()
#15 C:\\Users\\MOHAMED\\Documents\\GitHub\\UniConnect\\back-end\\backend\\vendor\\laravel\\framework\\src\\Illuminate\\Container\\BoundMethod.php(36): Illuminate\\Database\\Console\\Migrations\\MigrateCommand->handle()
#16 C:\\Users\\MOHAMED\\Documents\\GitHub\\UniConnect\\back-end\\backend\\vendor\\laravel\\framework\\src\\Illuminate\\Container\\Util.php(43): Illuminate\\Container\\BoundMethod::{closure:Illuminate\\Container\\BoundMethod::call():35}()
#17 C:\\Users\\MOHAMED\\Documents\\GitHub\\UniConnect\\back-end\\backend\\vendor\\laravel\\framework\\src\\Illuminate\\Container\\BoundMethod.php(96): Illuminate\\Container\\Util::unwrapIfClosure()
#18 C:\\Users\\MOHAMED\\Documents\\GitHub\\UniConnect\\back-end\\backend\\vendor\\laravel\\framework\\src\\Illuminate\\Container\\BoundMethod.php(35): Illuminate\\Container\\BoundMethod::callBoundMethod()
#19 C:\\Users\\MOHAMED\\Documents\\GitHub\\UniConnect\\back-end\\backend\\vendor\\laravel\\framework\\src\\Illuminate\\Container\\Container.php(799): Illuminate\\Container\\BoundMethod::call()
#20 C:\\Users\\MOHAMED\\Documents\\GitHub\\UniConnect\\back-end\\backend\\vendor\\laravel\\framework\\src\\Illuminate\\Console\\Command.php(211): Illuminate\\Container\\Container->call()
#21 C:\\Users\\MOHAMED\\Documents\\GitHub\\UniConnect\\back-end\\backend\\vendor\\symfony\\console\\Command\\Command.php(341): Illuminate\\Console\\Command->execute()
#22 C:\\Users\\MOHAMED\\Documents\\GitHub\\UniConnect\\back-end\\backend\\vendor\\laravel\\framework\\src\\Illuminate\\Console\\Command.php(180): Symfony\\Component\\Console\\Command\\Command->run()
#23 C:\\Users\\MOHAMED\\Documents\\GitHub\\UniConnect\\back-end\\backend\\vendor\\symfony\\console\\Application.php(1102): Illuminate\\Console\\Command->run()
#24 C:\\Users\\MOHAMED\\Documents\\GitHub\\UniConnect\\back-end\\backend\\vendor\\symfony\\console\\Application.php(356): Symfony\\Component\\Console\\Application->doRunCommand()
#25 C:\\Users\\MOHAMED\\Documents\\GitHub\\UniConnect\\back-end\\backend\\vendor\\symfony\\console\\Application.php(195): Symfony\\Component\\Console\\Application->doRun()
#26 C:\\Users\\MOHAMED\\Documents\\GitHub\\UniConnect\\back-end\\backend\\vendor\\laravel\\framework\\src\\Illuminate\\Foundation\\Console\\Kernel.php(198): Symfony\\Component\\Console\\Application->run()
#27 C:\\Users\\MOHAMED\\Documents\\GitHub\\UniConnect\\back-end\\backend\\vendor\\laravel\\framework\\src\\Illuminate\\Foundation\\Application.php(1235): Illuminate\\Foundation\\Console\\Kernel->handle()
#28 C:\\Users\\MOHAMED\\Documents\\GitHub\\UniConnect\\back-end\\backend\\artisan(16): Illuminate\\Foundation\\Application->handleCommand()
#29 {main}

[previous exception] [object] (PDOException(code: 0): could not find driver at C:\\Users\\MOHAMED\\Documents\\GitHub\\UniConnect\\back-end\\backend\\vendor\\laravel\\framework\\src\\Illuminate\\Database\\Connectors\\Connector.php:67)
[stacktrace]
#0 C:\\Users\\MOHAMED\\Documents\\GitHub\\UniConnect\\back-end\\backend\\vendor\\laravel\\framework\\src\\Illuminate\\Database\\Connectors\\Connector.php(67): PDO::connect()
#1 C:\\Users\\MOHAMED\\Documents\\GitHub\\UniConnect\\back-end\\backend\\vendor\\laravel\\framework\\src\\Illuminate\\Database\\Connectors\\Connector.php(44): Illuminate\\Database\\Connectors\\Connector->createPdoConnection()
#2 C:\\Users\\MOHAMED\\Documents\\GitHub\\UniConnect\\back-end\\backend\\vendor\\laravel\\framework\\src\\Illuminate\\Database\\Connectors\\SQLiteConnector.php(21): Illuminate\\Database\\Connectors\\Connector->createConnection()
#3 C:\\Users\\MOHAMED\\Documents\\GitHub\\UniConnect\\back-end\\backend\\vendor\\laravel\\framework\\src\\Illuminate\\Database\\Connectors\\ConnectionFactory.php(223): Illuminate\\Database\\Connectors\\SQLiteConnector->connect()
#4 [internal function]: Illuminate\\Database\\Connectors\\ConnectionFactory->{closure:Illuminate\\Database\\Connectors\\ConnectionFactory::createPdoResolverWithoutHosts():223}()
#5 C:\\Users\\MOHAMED\\Documents\\GitHub\\UniConnect\\back-end\\backend\\vendor\\laravel\\framework\\src\\Illuminate\\Database\\Connection.php(1236): call_user_func()
#6 C:\\Users\\MOHAMED\\Documents\\GitHub\\UniConnect\\back-end\\backend\\vendor\\laravel\\framework\\src\\Illuminate\\Database\\Connection.php(1272): Illuminate\\Database\\Connection->getPdo()
#7 C:\\Users\\MOHAMED\\Documents\\GitHub\\UniConnect\\back-end\\backend\\vendor\\laravel\\framework\\src\\Illuminate\\Database\\Connection.php(511): Illuminate\\Database\\Connection->getReadPdo()
#8 C:\\Users\\MOHAMED\\Documents\\GitHub\\UniConnect\\back-end\\backend\\vendor\\laravel\\framework\\src\\Illuminate\\Database\\Connection.php(406): Illuminate\\Database\\Connection->getPdoForSelect()
#9 C:\\Users\\MOHAMED\\Documents\\GitHub\\UniConnect\\back-end\\backend\\vendor\\laravel\\framework\\src\\Illuminate\\Database\\Connection.php(813): Illuminate\\Database\\Connection->{closure:Illuminate\\Database\\Connection::select():397}()
#10 C:\\Users\\MOHAMED\\Documents\\GitHub\\UniConnect\\back-end\\backend\\vendor\\laravel\\framework\\src\\Illuminate\\Database\\Connection.php(780): Illuminate\\Database\\Connection->runQueryCallback()
#11 C:\\Users\\MOHAMED\\Documents\\GitHub\\UniConnect\\back-end\\backend\\vendor\\laravel\\framework\\src\\Illuminate\\Database\\Connection.php(397): Illuminate\\Database\\Connection->run()
#12 C:\\Users\\MOHAMED\\Documents\\GitHub\\UniConnect\\back-end\\backend\\vendor\\laravel\\framework\\src\\Illuminate\\Database\\Connection.php(343): Illuminate\\Database\\Connection->select()
#13 C:\\Users\\MOHAMED\\Documents\\GitHub\\UniConnect\\back-end\\backend\\vendor\\laravel\\framework\\src\\Illuminate\\Database\\Connection.php(360): Illuminate\\Database\\Connection->selectOne()
#14 C:\\Users\\MOHAMED\\Documents\\GitHub\\UniConnect\\back-end\\backend\\vendor\\laravel\\framework\\src\\Illuminate\\Database\\Schema\\Builder.php(174): Illuminate\\Database\\Connection->scalar()
#15 C:\\Users\\MOHAMED\\Documents\\GitHub\\UniConnect\\back-end\\backend\\vendor\\laravel\\framework\\src\\Illuminate\\Database\\Migrations\\DatabaseMigrationRepository.php(185): Illuminate\\Database\\Schema\\Builder->hasTable()
#16 C:\\Users\\MOHAMED\\Documents\\GitHub\\UniConnect\\back-end\\backend\\vendor\\laravel\\framework\\src\\Illuminate\\Database\\Migrations\\Migrator.php(753): Illuminate\\Database\\Migrations\\DatabaseMigrationRepository->repositoryExists()
#17 C:\\Users\\MOHAMED\\Documents\\GitHub\\UniConnect\\back-end\\backend\\vendor\\laravel\\framework\\src\\Illuminate\\Database\\Console\\Migrations\\MigrateCommand.php(164): Illuminate\\Database\\Migrations\\Migrator->repositoryExists()
#18 C:\\Users\\MOHAMED\\Documents\\GitHub\\UniConnect\\back-end\\backend\\vendor\\laravel\\framework\\src\\Illuminate\\Support\\helpers.php(329): Illuminate\\Database\\Console\\Migrations\\MigrateCommand->{closure:Illuminate\\Database\\Console\\Migrations\\MigrateCommand::repositoryExists():164}()
#19 C:\\Users\\MOHAMED\\Documents\\GitHub\\UniConnect\\back-end\\backend\\vendor\\laravel\\framework\\src\\Illuminate\\Database\\Console\\Migrations\\MigrateCommand.php(164): retry()
#20 C:\\Users\\MOHAMED\\Documents\\GitHub\\UniConnect\\back-end\\backend\\vendor\\laravel\\framework\\src\\Illuminate\\Database\\Console\\Migrations\\MigrateCommand.php(140): Illuminate\\Database\\Console\\Migrations\\MigrateCommand->repositoryExists()
#21 C:\\Users\\MOHAMED\\Documents\\GitHub\\UniConnect\\back-end\\backend\\vendor\\laravel\\framework\\src\\Illuminate\\Database\\Console\\Migrations\\MigrateCommand.php(110): Illuminate\\Database\\Console\\Migrations\\MigrateCommand->prepareDatabase()
#22 C:\\Users\\MOHAMED\\Documents\\GitHub\\UniConnect\\back-end\\backend\\vendor\\laravel\\framework\\src\\Illuminate\\Database\\Migrations\\Migrator.php(666): Illuminate\\Database\\Console\\Migrations\\MigrateCommand->{closure:Illuminate\\Database\\Console\\Migrations\\MigrateCommand::runMigrations():109}()
#23 C:\\Users\\MOHAMED\\Documents\\GitHub\\UniConnect\\back-end\\backend\\vendor\\laravel\\framework\\src\\Illuminate\\Database\\Console\\Migrations\\MigrateCommand.php(109): Illuminate\\Database\\Migrations\\Migrator->usingConnection()
#24 C:\\Users\\MOHAMED\\Documents\\GitHub\\UniConnect\\back-end\\backend\\vendor\\laravel\\framework\\src\\Illuminate\\Database\\Console\\Migrations\\MigrateCommand.php(88): Illuminate\\Database\\Console\\Migrations\\MigrateCommand->runMigrations()
#25 C:\\Users\\MOHAMED\\Documents\\GitHub\\UniConnect\\back-end\\backend\\vendor\\laravel\\framework\\src\\Illuminate\\Container\\BoundMethod.php(36): Illuminate\\Database\\Console\\Migrations\\MigrateCommand->handle()
#26 C:\\Users\\MOHAMED\\Documents\\GitHub\\UniConnect\\back-end\\backend\\vendor\\laravel\\framework\\src\\Illuminate\\Container\\Util.php(43): Illuminate\\Container\\BoundMethod::{closure:Illuminate\\Container\\BoundMethod::call():35}()
#27 C:\\Users\\MOHAMED\\Documents\\GitHub\\UniConnect\\back-end\\backend\\vendor\\laravel\\framework\\src\\Illuminate\\Container\\BoundMethod.php(96): Illuminate\\Container\\Util::unwrapIfClosure()
#28 C:\\Users\\MOHAMED\\Documents\\GitHub\\UniConnect\\back-end\\backend\\vendor\\laravel\\framework\\src\\Illuminate\\Container\\BoundMethod.php(35): Illuminate\\Container\\BoundMethod::callBoundMethod()
#29 C:\\Users\\MOHAMED\\Documents\\GitHub\\UniConnect\\back-end\\backend\\vendor\\laravel\\framework\\src\\Illuminate\\Container\\Container.php(799): Illuminate\\Container\\BoundMethod::call()
#30 C:\\Users\\MOHAMED\\Documents\\GitHub\\UniConnect\\back-end\\backend\\vendor\\laravel\\framework\\src\\Illuminate\\Console\\Command.php(211): Illuminate\\Container\\Container->call()
#31 C:\\Users\\MOHAMED\\Documents\\GitHub\\UniConnect\\back-end\\backend\\vendor\\symfony\\console\\Command\\Command.php(341): Illuminate\\Console\\Command->execute()
#32 C:\\Users\\MOHAMED\\Documents\\GitHub\\UniConnect\\back-end\\backend\\vendor\\laravel\\framework\\src\\Illuminate\\Console\\Command.php(180): Symfony\\Component\\Console\\Command\\Command->run()
#33 C:\\Users\\MOHAMED\\Documents\\GitHub\\UniConnect\\back-end\\backend\\vendor\\symfony\\console\\Application.php(1102): Illuminate\\Console\\Command->run()
#34 C:\\Users\\MOHAMED\\Documents\\GitHub\\UniConnect\\back-end\\backend\\vendor\\symfony\\console\\Application.php(356): Symfony\\Component\\Console\\Application->doRunCommand()
#35 C:\\Users\\MOHAMED\\Documents\\GitHub\\UniConnect\\back-end\\backend\\vendor\\symfony\\console\\Application.php(195): Symfony\\Component\\Console\\Application->doRun()
#36 C:\\Users\\MOHAMED\\Documents\\GitHub\\UniConnect\\back-end\\backend\\vendor\\laravel\\framework\\src\\Illuminate\\Foundation\\Console\\Kernel.php(198): Symfony\\Component\\Console\\Application->run()
#37 C:\\Users\\MOHAMED\\Documents\\GitHub\\UniConnect\\back-end\\backend\\vendor\\laravel\\framework\\src\\Illuminate\\Foundation\\Application.php(1235): Illuminate\\Foundation\\Console\\Kernel->handle()
#38 C:\\Users\\MOHAMED\\Documents\\GitHub\\UniConnect\\back-end\\backend\\artisan(16): Illuminate\\Foundation\\Application->handleCommand()
#39 {main}
"} 
[2026-01-07 14:07:55] local.ERROR: could not find driver (Connection: sqlite, SQL: select exists (select 1 from "main".sqlite_master where name = 'migrations' and type = 'table') as "exists") {"exception":"[object] (Illuminate\\Database\\QueryException(code: 0): could not find driver (Connection: sqlite, SQL: select exists (select 1 from \"main\".sqlite_master where name = 'migrations' and type = 'table') as \"exists\") at C:\\Users\\MOHAMED\\Documents\\GitHub\\UniConnect\\back-end\\backend\\vendor\\laravel\\framework\\src\\Illuminate\\Database\\Connection.php:826)
[stacktrace]
#0 C:\\Users\\MOHAMED\\Documents\\GitHub\\UniConnect\\back-end\\backend\\vendor\\laravel\\framework\\src\\Illuminate\\Database\\Connection.php(780): Illuminate\\Database\\Connection->runQueryCallback()
#1 C:\\Users\\MOHAMED\\Documents\\GitHub\\UniConnect\\back-end\\backend\\vendor\\laravel\\framework\\src\\Illuminate\\Database\\Connection.php(397): Illuminate\\Database\\Connection->run()
#2 C:\\Users\\MOHAMED\\Documents\\GitHub\\UniConnect\\back-end\\backend\\vendor\\laravel\\framework\\src\\Illuminate\\Database\\Connection.php(343): Illuminate\\Database\\Connection->select()
#3 C:\\Users\\MOHAMED\\Documents\\GitHub\\UniConnect\\back-end\\backend\\vendor\\laravel\\framework\\src\\Illuminate\\Database\\Connection.php(360): Illuminate\\Database\\Connection->selectOne()
#4 C:\\Users\\MOHAMED\\Documents\\GitHub\\UniConnect\\back-end\\backend\\vendor\\laravel\\framework\\src\\Illuminate\\Database\\Schema\\Builder.php(174): Illuminate\\Database\\Connection->scalar()
#5 C:\\Users\\MOHAMED\\Documents\\GitHub\\UniConnect\\back-end\\backend\\vendor\\laravel\\framework\\src\\Illuminate\\Database\\Migrations\\DatabaseMigrationRepository.php(185): Illuminate\\Database\\Schema\\Builder->hasTable()
#6 C:\\Users\\MOHAMED\\Documents\\GitHub\\UniConnect\\back-end\\backend\\vendor\\laravel\\framework\\src\\Illuminate\\Database\\Migrations\\Migrator.php(753): Illuminate\\Database\\Migrations\\DatabaseMigrationRepository->repositoryExists()
#7 C:\\Users\\MOHAMED\\Documents\\GitHub\\UniConnect\\back-end\\backend\\vendor\\laravel\\framework\\src\\Illuminate\\Database\\Console\\Migrations\\MigrateCommand.php(164): Illuminate\\Database\\Migrations\\Migrator->repositoryExists()
#8 C:\\Users\\MOHAMED\\Documents\\GitHub\\UniConnect\\back-end\\backend\\vendor\\laravel\\framework\\src\\Illuminate\\Support\\helpers.php(329): Illuminate\\Database\\Console\\Migrations\\MigrateCommand->{closure:Illuminate\\Database\\Console\\Migrations\\MigrateCommand::repositoryExists():164}()
#9 C:\\Users\\MOHAMED\\Documents\\GitHub\\UniConnect\\back-end\\backend\\vendor\\laravel\\framework\\src\\Illuminate\\Database\\Console\\Migrations\\MigrateCommand.php(164): retry()
#10 C:\\Users\\MOHAMED\\Documents\\GitHub\\UniConnect\\back-end\\backend\\vendor\\laravel\\framework\\src\\Illuminate\\Database\\Console\\Migrations\\MigrateCommand.php(140): Illuminate\\Database\\Console\\Migrations\\MigrateCommand->repositoryExists()
#11 C:\\Users\\MOHAMED\\Documents\\GitHub\\UniConnect\\back-end\\backend\\vendor\\laravel\\framework\\src\\Illuminate\\Database\\Console\\Migrations\\MigrateCommand.php(110): Illuminate\\Database\\Console\\Migrations\\MigrateCommand->prepareDatabase()
#12 C:\\Users\\MOHAMED\\Documents\\GitHub\\UniConnect\\back-end\\backend\\vendor\\laravel\\framework\\src\\Illuminate\\Database\\Migrations\\Migrator.php(666): Illuminate\\Database\\Console\\Migrations\\MigrateCommand->{closure:Illuminate\\Database\\Console\\Migrations\\MigrateCommand::runMigrations():109}()
#13 C:\\Users\\MOHAMED\\Documents\\GitHub\\UniConnect\\back-end\\backend\\vendor\\laravel\\framework\\src\\Illuminate\\Database\\Console\\Migrations\\MigrateCommand.php(109): Illuminate\\Database\\Migrations\\Migrator->usingConnection()
#14 C:\\Users\\MOHAMED\\Documents\\GitHub\\UniConnect\\back-end\\backend\\vendor\\laravel\\framework\\src\\Illuminate\\Database\\Console\\Migrations\\MigrateCommand.php(88): Illuminate\\Database\\Console\\Migrations\\MigrateCommand->runMigrations()
#15 C:\\Users\\MOHAMED\\Documents\\GitHub\\UniConnect\\back-end\\backend\\vendor\\laravel\\framework\\src\\Illuminate\\Container\\BoundMethod.php(36): Illuminate\\Database\\Console\\Migrations\\MigrateCommand->handle()
#16 C:\\Users\\MOHAMED\\Documents\\GitHub\\UniConnect\\back-end\\backend\\vendor\\laravel\\framework\\src\\Illuminate\\Container\\Util.php(43): Illuminate\\Container\\BoundMethod::{closure:Illuminate\\Container\\BoundMethod::call():35}()
#17 C:\\Users\\MOHAMED\\Documents\\GitHub\\UniConnect\\back-end\\backend\\vendor\\laravel\\framework\\src\\Illuminate\\Container\\BoundMethod.php(96): Illuminate\\Container\\Util::unwrapIfClosure()
#18 C:\\Users\\MOHAMED\\Documents\\GitHub\\UniConnect\\back-end\\backend\\vendor\\laravel\\framework\\src\\Illuminate\\Container\\BoundMethod.php(35): Illuminate\\Container\\BoundMethod::callBoundMethod()
#19 C:\\Users\\MOHAMED\\Documents\\GitHub\\UniConnect\\back-end\\backend\\vendor\\laravel\\framework\\src\\Illuminate\\Container\\Container.php(799): Illuminate\\Container\\BoundMethod::call()
#20 C:\\Users\\MOHAMED\\Documents\\GitHub\\UniConnect\\back-end\\backend\\vendor\\laravel\\framework\\src\\Illuminate\\Console\\Command.php(211): Illuminate\\Container\\Container->call()
#21 C:\\Users\\MOHAMED\\Documents\\GitHub\\UniConnect\\back-end\\backend\\vendor\\symfony\\console\\Command\\Command.php(341): Illuminate\\Console\\Command->execute()
#22 C:\\Users\\MOHAMED\\Documents\\GitHub\\UniConnect\\back-end\\backend\\vendor\\laravel\\framework\\src\\Illuminate\\Console\\Command.php(180): Symfony\\Component\\Console\\Command\\Command->run()
#23 C:\\Users\\MOHAMED\\Documents\\GitHub\\UniConnect\\back-end\\backend\\vendor\\symfony\\console\\Application.php(1102): Illuminate\\Console\\Command->run()
#24 C:\\Users\\MOHAMED\\Documents\\GitHub\\UniConnect\\back-end\\backend\\vendor\\symfony\\console\\Application.php(356): Symfony\\Component\\Console\\Application->doRunCommand()
#25 C:\\Users\\MOHAMED\\Documents\\GitHub\\UniConnect\\back-end\\backend\\vendor\\symfony\\console\\Application.php(195): Symfony\\Component\\Console\\Application->doRun()
#26 C:\\Users\\MOHAMED\\Documents\\GitHub\\UniConnect\\back-end\\backend\\vendor\\laravel\\framework\\src\\Illuminate\\Foundation\\Console\\Kernel.php(198): Symfony\\Component\\Console\\Application->run()
#27 C:\\Users\\MOHAMED\\Documents\\GitHub\\UniConnect\\back-end\\backend\\vendor\\laravel\\framework\\src\\Illuminate\\Foundation\\Application.php(1235): Illuminate\\Foundation\\Console\\Kernel->handle()
#28 C:\\Users\\MOHAMED\\Documents\\GitHub\\UniConnect\\back-end\\backend\\artisan(16): Illuminate\\Foundation\\Application->handleCommand()
#29 {main}

[previous exception] [object] (PDOException(code: 0): could not find driver at C:\\Users\\MOHAMED\\Documents\\GitHub\\UniConnect\\back-end\\backend\\vendor\\laravel\\framework\\src\\Illuminate\\Database\\Connectors\\Connector.php:67)
[stacktrace]
#0 C:\\Users\\MOHAMED\\Documents\\GitHub\\UniConnect\\back-end\\backend\\vendor\\laravel\\framework\\src\\Illuminate\\Database\\Connectors\\Connector.php(67): PDO::connect()
#1 C:\\Users\\MOHAMED\\Documents\\GitHub\\UniConnect\\back-end\\backend\\vendor\\laravel\\framework\\src\\Illuminate\\Database\\Connectors\\Connector.php(44): Illuminate\\Database\\Connectors\\Connector->createPdoConnection()
#2 C:\\Users\\MOHAMED\\Documents\\GitHub\\UniConnect\\back-end\\backend\\vendor\\laravel\\framework\\src\\Illuminate\\Database\\Connectors\\SQLiteConnector.php(21): Illuminate\\Database\\Connectors\\Connector->createConnection()
#3 C:\\Users\\MOHAMED\\Documents\\GitHub\\UniConnect\\back-end\\backend\\vendor\\laravel\\framework\\src\\Illuminate\\Database\\Connectors\\ConnectionFactory.php(223): Illuminate\\Database\\Connectors\\SQLiteConnector->connect()
#4 [internal function]: Illuminate\\Database\\Connectors\\ConnectionFactory->{closure:Illuminate\\Database\\Connectors\\ConnectionFactory::createPdoResolverWithoutHosts():223}()
#5 C:\\Users\\MOHAMED\\Documents\\GitHub\\UniConnect\\back-end\\backend\\vendor\\laravel\\framework\\src\\Illuminate\\Database\\Connection.php(1236): call_user_func()
#6 C:\\Users\\MOHAMED\\Documents\\GitHub\\UniConnect\\back-end\\backend\\vendor\\laravel\\framework\\src\\Illuminate\\Database\\Connection.php(1272): Illuminate\\Database\\Connection->getPdo()
#7 C:\\Users\\MOHAMED\\Documents\\GitHub\\UniConnect\\back-end\\backend\\vendor\\laravel\\framework\\src\\Illuminate\\Database\\Connection.php(511): Illuminate\\Database\\Connection->getReadPdo()
#8 C:\\Users\\MOHAMED\\Documents\\GitHub\\UniConnect\\back-end\\backend\\vendor\\laravel\\framework\\src\\Illuminate\\Database\\Connection.php(406): Illuminate\\Database\\Connection->getPdoForSelect()
#9 C:\\Users\\MOHAMED\\Documents\\GitHub\\UniConnect\\back-end\\backend\\vendor\\laravel\\framework\\src\\Illuminate\\Database\\Connection.php(813): Illuminate\\Database\\Connection->{closure:Illuminate\\Database\\Connection::select():397}()
#10 C:\\Users\\MOHAMED\\Documents\\GitHub\\UniConnect\\back-end\\backend\\vendor\\laravel\\framework\\src\\Illuminate\\Database\\Connection.php(780): Illuminate\\Database\\Connection->runQueryCallback()
#11 C:\\Users\\MOHAMED\\Documents\\GitHub\\UniConnect\\back-end\\backend\\vendor\\laravel\\framework\\src\\Illuminate\\Database\\Connection.php(397): Illuminate\\Database\\Connection->run()
#12 C:\\Users\\MOHAMED\\Documents\\GitHub\\UniConnect\\back-end\\backend\\vendor\\laravel\\framework\\src\\Illuminate\\Database\\Connection.php(343): Illuminate\\Database\\Connection->select()
#13 C:\\Users\\MOHAMED\\Documents\\GitHub\\UniConnect\\back-end\\backend\\vendor\\laravel\\framework\\src\\Illuminate\\Database\\Connection.php(360): Illuminate\\Database\\Connection->selectOne()
#14 C:\\Users\\MOHAMED\\Documents\\GitHub\\UniConnect\\back-end\\backend\\vendor\\laravel\\framework\\src\\Illuminate\\Database\\Schema\\Builder.php(174): Illuminate\\Database\\Connection->scalar()
#15 C:\\Users\\MOHAMED\\Documents\\GitHub\\UniConnect\\back-end\\backend\\vendor\\laravel\\framework\\src\\Illuminate\\Database\\Migrations\\DatabaseMigrationRepository.php(185): Illuminate\\Database\\Schema\\Builder->hasTable()
#16 C:\\Users\\MOHAMED\\Documents\\GitHub\\UniConnect\\back-end\\backend\\vendor\\laravel\\framework\\src\\Illuminate\\Database\\Migrations\\Migrator.php(753): Illuminate\\Database\\Migrations\\DatabaseMigrationRepository->repositoryExists()
#17 C:\\Users\\MOHAMED\\Documents\\GitHub\\UniConnect\\back-end\\backend\\vendor\\laravel\\framework\\src\\Illuminate\\Database\\Console\\Migrations\\MigrateCommand.php(164): Illuminate\\Database\\Migrations\\Migrator->repositoryExists()
#18 C:\\Users\\MOHAMED\\Documents\\GitHub\\UniConnect\\back-end\\backend\\vendor\\laravel\\framework\\src\\Illuminate\\Support\\helpers.php(329): Illuminate\\Database\\Console\\Migrations\\MigrateCommand->{closure:Illuminate\\Database\\Console\\Migrations\\MigrateCommand::repositoryExists():164}()
#19 C:\\Users\\MOHAMED\\Documents\\GitHub\\UniConnect\\back-end\\backend\\vendor\\laravel\\framework\\src\\Illuminate\\Database\\Console\\Migrations\\MigrateCommand.php(164): retry()
#20 C:\\Users\\MOHAMED\\Documents\\GitHub\\UniConnect\\back-end\\backend\\vendor\\laravel\\framework\\src\\Illuminate\\Database\\Console\\Migrations\\MigrateCommand.php(140): Illuminate\\Database\\Console\\Migrations\\MigrateCommand->repositoryExists()
#21 C:\\Users\\MOHAMED\\Documents\\GitHub\\UniConnect\\back-end\\backend\\vendor\\laravel\\framework\\src\\Illuminate\\Database\\Console\\Migrations\\MigrateCommand.php(110): Illuminate\\Database\\Console\\Migrations\\MigrateCommand->prepareDatabase()
#22 C:\\Users\\MOHAMED\\Documents\\GitHub\\UniConnect\\back-end\\backend\\vendor\\laravel\\framework\\src\\Illuminate\\Database\\Migrations\\Migrator.php(666): Illuminate\\Database\\Console\\Migrations\\MigrateCommand->{closure:Illuminate\\Database\\Console\\Migrations\\MigrateCommand::runMigrations():109}()
#23 C:\\Users\\MOHAMED\\Documents\\GitHub\\UniConnect\\back-end\\backend\\vendor\\laravel\\framework\\src\\Illuminate\\Database\\Console\\Migrations\\MigrateCommand.php(109): Illuminate\\Database\\Migrations\\Migrator->usingConnection()
#24 C:\\Users\\MOHAMED\\Documents\\GitHub\\UniConnect\\back-end\\backend\\vendor\\laravel\\framework\\src\\Illuminate\\Database\\Console\\Migrations\\MigrateCommand.php(88): Illuminate\\Database\\Console\\Migrations\\MigrateCommand->runMigrations()
#25 C:\\Users\\MOHAMED\\Documents\\GitHub\\UniConnect\\back-end\\backend\\vendor\\laravel\\framework\\src\\Illuminate\\Container\\BoundMethod.php(36): Illuminate\\Database\\Console\\Migrations\\MigrateCommand->handle()
#26 C:\\Users\\MOHAMED\\Documents\\GitHub\\UniConnect\\back-end\\backend\\vendor\\laravel\\framework\\src\\Illuminate\\Container\\Util.php(43): Illuminate\\Container\\BoundMethod::{closure:Illuminate\\Container\\BoundMethod::call():35}()
#27 C:\\Users\\MOHAMED\\Documents\\GitHub\\UniConnect\\back-end\\backend\\vendor\\laravel\\framework\\src\\Illuminate\\Container\\BoundMethod.php(96): Illuminate\\Container\\Util::unwrapIfClosure()
#28 C:\\Users\\MOHAMED\\Documents\\GitHub\\UniConnect\\back-end\\backend\\vendor\\laravel\\framework\\src\\Illuminate\\Container\\BoundMethod.php(35): Illuminate\\Container\\BoundMethod::callBoundMethod()
#29 C:\\Users\\MOHAMED\\Documents\\GitHub\\UniConnect\\back-end\\backend\\vendor\\laravel\\framework\\src\\Illuminate\\Container\\Container.php(799): Illuminate\\Container\\BoundMethod::call()
#30 C:\\Users\\MOHAMED\\Documents\\GitHub\\UniConnect\\back-end\\backend\\vendor\\laravel\\framework\\src\\Illuminate\\Console\\Command.php(211): Illuminate\\Container\\Container->call()
#31 C:\\Users\\MOHAMED\\Documents\\GitHub\\UniConnect\\back-end\\backend\\vendor\\symfony\\console\\Command\\Command.php(341): Illuminate\\Console\\Command->execute()
#32 C:\\Users\\MOHAMED\\Documents\\GitHub\\UniConnect\\back-end\\backend\\vendor\\laravel\\framework\\src\\Illuminate\\Console\\Command.php(180): Symfony\\Component\\Console\\Command\\Command->run()
#33 C:\\Users\\MOHAMED\\Documents\\GitHub\\UniConnect\\back-end\\backend\\vendor\\symfony\\console\\Application.php(1102): Illuminate\\Console\\Command->run()
#34 C:\\Users\\MOHAMED\\Documents\\GitHub\\UniConnect\\back-end\\backend\\vendor\\symfony\\console\\Application.php(356): Symfony\\Component\\Console\\Application->doRunCommand()
#35 C:\\Users\\MOHAMED\\Documents\\GitHub\\UniConnect\\back-end\\backend\\vendor\\symfony\\console\\Application.php(195): Symfony\\Component\\Console\\Application->doRun()
#36 C:\\Users\\MOHAMED\\Documents\\GitHub\\UniConnect\\back-end\\backend\\vendor\\laravel\\framework\\src\\Illuminate\\Foundation\\Console\\Kernel.php(198): Symfony\\Component\\Console\\Application->run()
#37 C:\\Users\\MOHAMED\\Documents\\GitHub\\UniConnect\\back-end\\backend\\vendor\\laravel\\framework\\src\\Illuminate\\Foundation\\Application.php(1235): Illuminate\\Foundation\\Console\\Kernel->handle()
#38 C:\\Users\\MOHAMED\\Documents\\GitHub\\UniConnect\\back-end\\backend\\artisan(16): Illuminate\\Foundation\\Application->handleCommand()
#39 {main}
"} 
[2026-01-07 14:12:50] local.ERROR: SQLSTATE[42S01]: Base table or view already exists: 1050 Table 'users' already exists (Connection: mysql, SQL: create table `users` (`id` bigint unsigned not null auto_increment primary key, `first_name` varchar(255) not null, `last_name` varchar(255) not null, `username` varchar(255) not null, `email` varchar(255) not null, `password` varchar(255) not null, `email_verified_at` timestamp null, `remember_token` varchar(100) null, `created_at` timestamp null, `updated_at` timestamp null) default character set utf8mb4 collate 'utf8mb4_unicode_ci') {"exception":"[object] (Illuminate\\Database\\QueryException(code: 42S01): SQLSTATE[42S01]: Base table or view already exists: 1050 Table 'users' already exists (Connection: mysql, SQL: create table `users` (`id` bigint unsigned not null auto_increment primary key, `first_name` varchar(255) not null, `last_name` varchar(255) not null, `username` varchar(255) not null, `email` varchar(255) not null, `password` varchar(255) not null, `email_verified_at` timestamp null, `remember_token` varchar(100) null, `created_at` timestamp null, `updated_at` timestamp null) default character set utf8mb4 collate 'utf8mb4_unicode_ci') at C:\\Users\\MOHAMED\\Documents\\GitHub\\UniConnect\\back-end\\backend\\vendor\\laravel\\framework\\src\\Illuminate\\Database\\Connection.php:826)
[stacktrace]
#0 C:\\Users\\MOHAMED\\Documents\\GitHub\\UniConnect\\back-end\\backend\\vendor\\laravel\\framework\\src\\Illuminate\\Database\\Connection.php(780): Illuminate\\Database\\Connection->runQueryCallback()
#1 C:\\Users\\MOHAMED\\Documents\\GitHub\\UniConnect\\back-end\\backend\\vendor\\laravel\\framework\\src\\Illuminate\\Database\\Connection.php(559): Illuminate\\Database\\Connection->run()
#2 C:\\Users\\MOHAMED\\Documents\\GitHub\\UniConnect\\back-end\\backend\\vendor\\laravel\\framework\\src\\Illuminate\\Database\\Schema\\Blueprint.php(121): Illuminate\\Database\\Connection->statement()
#3 C:\\Users\\MOHAMED\\Documents\\GitHub\\UniConnect\\back-end\\backend\\vendor\\laravel\\framework\\src\\Illuminate\\Database\\Schema\\Builder.php(650): Illuminate\\Database\\Schema\\Blueprint->build()
#4 C:\\Users\\MOHAMED\\Documents\\GitHub\\UniConnect\\back-end\\backend\\vendor\\laravel\\framework\\src\\Illuminate\\Database\\Schema\\Builder.php(504): Illuminate\\Database\\Schema\\Builder->build()
#5 C:\\Users\\MOHAMED\\Documents\\GitHub\\UniConnect\\back-end\\backend\\vendor\\laravel\\framework\\src\\Illuminate\\Support\\Facades\\Facade.php(363): Illuminate\\Database\\Schema\\Builder->create()
#6 C:\\Users\\MOHAMED\\Documents\\GitHub\\UniConnect\\back-end\\backend\\database\\migrations\\2026_01_07_124806_create_users_table.php(11): Illuminate\\Support\\Facades\\Facade::__callStatic()
#7 C:\\Users\\MOHAMED\\Documents\\GitHub\\UniConnect\\back-end\\backend\\vendor\\laravel\\framework\\src\\Illuminate\\Database\\Migrations\\Migrator.php(514): Illuminate\\Database\\Migrations\\Migration@anonymous->up()
#8 C:\\Users\\MOHAMED\\Documents\\GitHub\\UniConnect\\back-end\\backend\\vendor\\laravel\\framework\\src\\Illuminate\\Database\\Migrations\\Migrator.php(439): Illuminate\\Database\\Migrations\\Migrator->runMethod()
#9 C:\\Users\\MOHAMED\\Documents\\GitHub\\UniConnect\\back-end\\backend\\vendor\\laravel\\framework\\src\\Illuminate\\Database\\Migrations\\Migrator.php(448): Illuminate\\Database\\Migrations\\Migrator->{closure:Illuminate\\Database\\Migrations\\Migrator::runMigration():435}()
#10 C:\\Users\\MOHAMED\\Documents\\GitHub\\UniConnect\\back-end\\backend\\vendor\\laravel\\framework\\src\\Illuminate\\Database\\Migrations\\Migrator.php(250): Illuminate\\Database\\Migrations\\Migrator->runMigration()
#11 C:\\Users\\MOHAMED\\Documents\\GitHub\\UniConnect\\back-end\\backend\\vendor\\laravel\\framework\\src\\Illuminate\\Console\\View\\Components\\Task.php(41): Illuminate\\Database\\Migrations\\Migrator->{closure:Illuminate\\Database\\Migrations\\Migrator::runUp():250}()
#12 C:\\Users\\MOHAMED\\Documents\\GitHub\\UniConnect\\back-end\\backend\\vendor\\laravel\\framework\\src\\Illuminate\\Database\\Migrations\\Migrator.php(809): Illuminate\\Console\\View\\Components\\Task->render()
#13 C:\\Users\\MOHAMED\\Documents\\GitHub\\UniConnect\\back-end\\backend\\vendor\\laravel\\framework\\src\\Illuminate\\Database\\Migrations\\Migrator.php(250): Illuminate\\Database\\Migrations\\Migrator->write()
#14 C:\\Users\\MOHAMED\\Documents\\GitHub\\UniConnect\\back-end\\backend\\vendor\\laravel\\framework\\src\\Illuminate\\Database\\Migrations\\Migrator.php(210): Illuminate\\Database\\Migrations\\Migrator->runUp()
#15 C:\\Users\\MOHAMED\\Documents\\GitHub\\UniConnect\\back-end\\backend\\vendor\\laravel\\framework\\src\\Illuminate\\Database\\Migrations\\Migrator.php(137): Illuminate\\Database\\Migrations\\Migrator->runPending()
#16 C:\\Users\\MOHAMED\\Documents\\GitHub\\UniConnect\\back-end\\backend\\vendor\\laravel\\framework\\src\\Illuminate\\Database\\Console\\Migrations\\MigrateCommand.php(116): Illuminate\\Database\\Migrations\\Migrator->run()
#17 C:\\Users\\MOHAMED\\Documents\\GitHub\\UniConnect\\back-end\\backend\\vendor\\laravel\\framework\\src\\Illuminate\\Database\\Migrations\\Migrator.php(666): Illuminate\\Database\\Console\\Migrations\\MigrateCommand->{closure:Illuminate\\Database\\Console\\Migrations\\MigrateCommand::runMigrations():109}()
#18 C:\\Users\\MOHAMED\\Documents\\GitHub\\UniConnect\\back-end\\backend\\vendor\\laravel\\framework\\src\\Illuminate\\Database\\Console\\Migrations\\MigrateCommand.php(109): Illuminate\\Database\\Migrations\\Migrator->usingConnection()
#19 C:\\Users\\MOHAMED\\Documents\\GitHub\\UniConnect\\back-end\\backend\\vendor\\laravel\\framework\\src\\Illuminate\\Database\\Console\\Migrations\\MigrateCommand.php(88): Illuminate\\Database\\Console\\Migrations\\MigrateCommand->runMigrations()
#20 C:\\Users\\MOHAMED\\Documents\\GitHub\\UniConnect\\back-end\\backend\\vendor\\laravel\\framework\\src\\Illuminate\\Container\\BoundMethod.php(36): Illuminate\\Database\\Console\\Migrations\\MigrateCommand->handle()
#21 C:\\Users\\MOHAMED\\Documents\\GitHub\\UniConnect\\back-end\\backend\\vendor\\laravel\\framework\\src\\Illuminate\\Container\\Util.php(43): Illuminate\\Container\\BoundMethod::{closure:Illuminate\\Container\\BoundMethod::call():35}()
#22 C:\\Users\\MOHAMED\\Documents\\GitHub\\UniConnect\\back-end\\backend\\vendor\\laravel\\framework\\src\\Illuminate\\Container\\BoundMethod.php(96): Illuminate\\Container\\Util::unwrapIfClosure()
#23 C:\\Users\\MOHAMED\\Documents\\GitHub\\UniConnect\\back-end\\backend\\vendor\\laravel\\framework\\src\\Illuminate\\Container\\BoundMethod.php(35): Illuminate\\Container\\BoundMethod::callBoundMethod()
#24 C:\\Users\\MOHAMED\\Documents\\GitHub\\UniConnect\\back-end\\backend\\vendor\\laravel\\framework\\src\\Illuminate\\Container\\Container.php(799): Illuminate\\Container\\BoundMethod::call()
#25 C:\\Users\\MOHAMED\\Documents\\GitHub\\UniConnect\\back-end\\backend\\vendor\\laravel\\framework\\src\\Illuminate\\Console\\Command.php(211): Illuminate\\Container\\Container->call()
#26 C:\\Users\\MOHAMED\\Documents\\GitHub\\UniConnect\\back-end\\backend\\vendor\\symfony\\console\\Command\\Command.php(341): Illuminate\\Console\\Command->execute()
#27 C:\\Users\\MOHAMED\\Documents\\GitHub\\UniConnect\\back-end\\backend\\vendor\\laravel\\framework\\src\\Illuminate\\Console\\Command.php(180): Symfony\\Component\\Console\\Command\\Command->run()
#28 C:\\Users\\MOHAMED\\Documents\\GitHub\\UniConnect\\back-end\\backend\\vendor\\symfony\\console\\Application.php(1102): Illuminate\\Console\\Command->run()
#29 C:\\Users\\MOHAMED\\Documents\\GitHub\\UniConnect\\back-end\\backend\\vendor\\symfony\\console\\Application.php(356): Symfony\\Component\\Console\\Application->doRunCommand()
#30 C:\\Users\\MOHAMED\\Documents\\GitHub\\UniConnect\\back-end\\backend\\vendor\\symfony\\console\\Application.php(195): Symfony\\Component\\Console\\Application->doRun()
#31 C:\\Users\\MOHAMED\\Documents\\GitHub\\UniConnect\\back-end\\backend\\vendor\\laravel\\framework\\src\\Illuminate\\Foundation\\Console\\Kernel.php(198): Symfony\\Component\\Console\\Application->run()
#32 C:\\Users\\MOHAMED\\Documents\\GitHub\\UniConnect\\back-end\\backend\\vendor\\laravel\\framework\\src\\Illuminate\\Foundation\\Application.php(1235): Illuminate\\Foundation\\Console\\Kernel->handle()
#33 C:\\Users\\MOHAMED\\Documents\\GitHub\\UniConnect\\back-end\\backend\\artisan(16): Illuminate\\Foundation\\Application->handleCommand()
#34 {main}

[previous exception] [object] (PDOException(code: 42S01): SQLSTATE[42S01]: Base table or view already exists: 1050 Table 'users' already exists at C:\\Users\\MOHAMED\\Documents\\GitHub\\UniConnect\\back-end\\backend\\vendor\\laravel\\framework\\src\\Illuminate\\Database\\Connection.php:570)
[stacktrace]
#0 C:\\Users\\MOHAMED\\Documents\\GitHub\\UniConnect\\back-end\\backend\\vendor\\laravel\\framework\\src\\Illuminate\\Database\\Connection.php(570): PDOStatement->execute()
#1 C:\\Users\\MOHAMED\\Documents\\GitHub\\UniConnect\\back-end\\backend\\vendor\\laravel\\framework\\src\\Illuminate\\Database\\Connection.php(813): Illuminate\\Database\\Connection->{closure:Illuminate\\Database\\Connection::statement():559}()
#2 C:\\Users\\MOHAMED\\Documents\\GitHub\\UniConnect\\back-end\\backend\\vendor\\laravel\\framework\\src\\Illuminate\\Database\\Connection.php(780): Illuminate\\Database\\Connection->runQueryCallback()
#3 C:\\Users\\MOHAMED\\Documents\\GitHub\\UniConnect\\back-end\\backend\\vendor\\laravel\\framework\\src\\Illuminate\\Database\\Connection.php(559): Illuminate\\Database\\Connection->run()
#4 C:\\Users\\MOHAMED\\Documents\\GitHub\\UniConnect\\back-end\\backend\\vendor\\laravel\\framework\\src\\Illuminate\\Database\\Schema\\Blueprint.php(121): Illuminate\\Database\\Connection->statement()
#5 C:\\Users\\MOHAMED\\Documents\\GitHub\\UniConnect\\back-end\\backend\\vendor\\laravel\\framework\\src\\Illuminate\\Database\\Schema\\Builder.php(650): Illuminate\\Database\\Schema\\Blueprint->build()
#6 C:\\Users\\MOHAMED\\Documents\\GitHub\\UniConnect\\back-end\\backend\\vendor\\laravel\\framework\\src\\Illuminate\\Database\\Schema\\Builder.php(504): Illuminate\\Database\\Schema\\Builder->build()
#7 C:\\Users\\MOHAMED\\Documents\\GitHub\\UniConnect\\back-end\\backend\\vendor\\laravel\\framework\\src\\Illuminate\\Support\\Facades\\Facade.php(363): Illuminate\\Database\\Schema\\Builder->create()
#8 C:\\Users\\MOHAMED\\Documents\\GitHub\\UniConnect\\back-end\\backend\\database\\migrations\\2026_01_07_124806_create_users_table.php(11): Illuminate\\Support\\Facades\\Facade::__callStatic()
#9 C:\\Users\\MOHAMED\\Documents\\GitHub\\UniConnect\\back-end\\backend\\vendor\\laravel\\framework\\src\\Illuminate\\Database\\Migrations\\Migrator.php(514): Illuminate\\Database\\Migrations\\Migration@anonymous->up()
#10 C:\\Users\\MOHAMED\\Documents\\GitHub\\UniConnect\\back-end\\backend\\vendor\\laravel\\framework\\src\\Illuminate\\Database\\Migrations\\Migrator.php(439): Illuminate\\Database\\Migrations\\Migrator->runMethod()
#11 C:\\Users\\MOHAMED\\Documents\\GitHub\\UniConnect\\back-end\\backend\\vendor\\laravel\\framework\\src\\Illuminate\\Database\\Migrations\\Migrator.php(448): Illuminate\\Database\\Migrations\\Migrator->{closure:Illuminate\\Database\\Migrations\\Migrator::runMigration():435}()
#12 C:\\Users\\MOHAMED\\Documents\\GitHub\\UniConnect\\back-end\\backend\\vendor\\laravel\\framework\\src\\Illuminate\\Database\\Migrations\\Migrator.php(250): Illuminate\\Database\\Migrations\\Migrator->runMigration()
#13 C:\\Users\\MOHAMED\\Documents\\GitHub\\UniConnect\\back-end\\backend\\vendor\\laravel\\framework\\src\\Illuminate\\Console\\View\\Components\\Task.php(41): Illuminate\\Database\\Migrations\\Migrator->{closure:Illuminate\\Database\\Migrations\\Migrator::runUp():250}()
#14 C:\\Users\\MOHAMED\\Documents\\GitHub\\UniConnect\\back-end\\backend\\vendor\\laravel\\framework\\src\\Illuminate\\Database\\Migrations\\Migrator.php(809): Illuminate\\Console\\View\\Components\\Task->render()
#15 C:\\Users\\MOHAMED\\Documents\\GitHub\\UniConnect\\back-end\\backend\\vendor\\laravel\\framework\\src\\Illuminate\\Database\\Migrations\\Migrator.php(250): Illuminate\\Database\\Migrations\\Migrator->write()
#16 C:\\Users\\MOHAMED\\Documents\\GitHub\\UniConnect\\back-end\\backend\\vendor\\laravel\\framework\\src\\Illuminate\\Database\\Migrations\\Migrator.php(210): Illuminate\\Database\\Migrations\\Migrator->runUp()
#17 C:\\Users\\MOHAMED\\Documents\\GitHub\\UniConnect\\back-end\\backend\\vendor\\laravel\\framework\\src\\Illuminate\\Database\\Migrations\\Migrator.php(137): Illuminate\\Database\\Migrations\\Migrator->runPending()
#18 C:\\Users\\MOHAMED\\Documents\\GitHub\\UniConnect\\back-end\\backend\\vendor\\laravel\\framework\\src\\Illuminate\\Database\\Console\\Migrations\\MigrateCommand.php(116): Illuminate\\Database\\Migrations\\Migrator->run()
#19 C:\\Users\\MOHAMED\\Documents\\GitHub\\UniConnect\\back-end\\backend\\vendor\\laravel\\framework\\src\\Illuminate\\Database\\Migrations\\Migrator.php(666): Illuminate\\Database\\Console\\Migrations\\MigrateCommand->{closure:Illuminate\\Database\\Console\\Migrations\\MigrateCommand::runMigrations():109}()
#20 C:\\Users\\MOHAMED\\Documents\\GitHub\\UniConnect\\back-end\\backend\\vendor\\laravel\\framework\\src\\Illuminate\\Database\\Console\\Migrations\\MigrateCommand.php(109): Illuminate\\Database\\Migrations\\Migrator->usingConnection()
#21 C:\\Users\\MOHAMED\\Documents\\GitHub\\UniConnect\\back-end\\backend\\vendor\\laravel\\framework\\src\\Illuminate\\Database\\Console\\Migrations\\MigrateCommand.php(88): Illuminate\\Database\\Console\\Migrations\\MigrateCommand->runMigrations()
#22 C:\\Users\\MOHAMED\\Documents\\GitHub\\UniConnect\\back-end\\backend\\vendor\\laravel\\framework\\src\\Illuminate\\Container\\BoundMethod.php(36): Illuminate\\Database\\Console\\Migrations\\MigrateCommand->handle()
#23 C:\\Users\\MOHAMED\\Documents\\GitHub\\UniConnect\\back-end\\backend\\vendor\\laravel\\framework\\src\\Illuminate\\Container\\Util.php(43): Illuminate\\Container\\BoundMethod::{closure:Illuminate\\Container\\BoundMethod::call():35}()
#24 C:\\Users\\MOHAMED\\Documents\\GitHub\\UniConnect\\back-end\\backend\\vendor\\laravel\\framework\\src\\Illuminate\\Container\\BoundMethod.php(96): Illuminate\\Container\\Util::unwrapIfClosure()
#25 C:\\Users\\MOHAMED\\Documents\\GitHub\\UniConnect\\back-end\\backend\\vendor\\laravel\\framework\\src\\Illuminate\\Container\\BoundMethod.php(35): Illuminate\\Container\\BoundMethod::callBoundMethod()
#26 C:\\Users\\MOHAMED\\Documents\\GitHub\\UniConnect\\back-end\\backend\\vendor\\laravel\\framework\\src\\Illuminate\\Container\\Container.php(799): Illuminate\\Container\\BoundMethod::call()
#27 C:\\Users\\MOHAMED\\Documents\\GitHub\\UniConnect\\back-end\\backend\\vendor\\laravel\\framework\\src\\Illuminate\\Console\\Command.php(211): Illuminate\\Container\\Container->call()
#28 C:\\Users\\MOHAMED\\Documents\\GitHub\\UniConnect\\back-end\\backend\\vendor\\symfony\\console\\Command\\Command.php(341): Illuminate\\Console\\Command->execute()
#29 C:\\Users\\MOHAMED\\Documents\\GitHub\\UniConnect\\back-end\\backend\\vendor\\laravel\\framework\\src\\Illuminate\\Console\\Command.php(180): Symfony\\Component\\Console\\Command\\Command->run()
#30 C:\\Users\\MOHAMED\\Documents\\GitHub\\UniConnect\\back-end\\backend\\vendor\\symfony\\console\\Application.php(1102): Illuminate\\Console\\Command->run()
#31 C:\\Users\\MOHAMED\\Documents\\GitHub\\UniConnect\\back-end\\backend\\vendor\\symfony\\console\\Application.php(356): Symfony\\Component\\Console\\Application->doRunCommand()
#32 C:\\Users\\MOHAMED\\Documents\\GitHub\\UniConnect\\back-end\\backend\\vendor\\symfony\\console\\Application.php(195): Symfony\\Component\\Console\\Application->doRun()
#33 C:\\Users\\MOHAMED\\Documents\\GitHub\\UniConnect\\back-end\\backend\\vendor\\laravel\\framework\\src\\Illuminate\\Foundation\\Console\\Kernel.php(198): Symfony\\Component\\Console\\Application->run()
#34 C:\\Users\\MOHAMED\\Documents\\GitHub\\UniConnect\\back-end\\backend\\vendor\\laravel\\framework\\src\\Illuminate\\Foundation\\Application.php(1235): Illuminate\\Foundation\\Console\\Kernel->handle()
#35 C:\\Users\\MOHAMED\\Documents\\GitHub\\UniConnect\\back-end\\backend\\artisan(16): Illuminate\\Foundation\\Application->handleCommand()
#36 {main}
"} 
[2026-01-07 14:13:28] local.ERROR: SQLSTATE[42S01]: Base table or view already exists: 1050 Table 'users' already exists (Connection: mysql, SQL: create table `users` (`id` bigint unsigned not null auto_increment primary key, `first_name` varchar(255) not null, `last_name` varchar(255) not null, `username` varchar(255) not null, `email` varchar(255) not null, `password` varchar(255) not null, `email_verified_at` timestamp null, `remember_token` varchar(100) null, `created_at` timestamp null, `updated_at` timestamp null) default character set utf8mb4 collate 'utf8mb4_unicode_ci') {"exception":"[object] (Illuminate\\Database\\QueryException(code: 42S01): SQLSTATE[42S01]: Base table or view already exists: 1050 Table 'users' already exists (Connection: mysql, SQL: create table `users` (`id` bigint unsigned not null auto_increment primary key, `first_name` varchar(255) not null, `last_name` varchar(255) not null, `username` varchar(255) not null, `email` varchar(255) not null, `password` varchar(255) not null, `email_verified_at` timestamp null, `remember_token` varchar(100) null, `created_at` timestamp null, `updated_at` timestamp null) default character set utf8mb4 collate 'utf8mb4_unicode_ci') at C:\\Users\\MOHAMED\\Documents\\GitHub\\UniConnect\\back-end\\backend\\vendor\\laravel\\framework\\src\\Illuminate\\Database\\Connection.php:826)
[stacktrace]
#0 C:\\Users\\MOHAMED\\Documents\\GitHub\\UniConnect\\back-end\\backend\\vendor\\laravel\\framework\\src\\Illuminate\\Database\\Connection.php(780): Illuminate\\Database\\Connection->runQueryCallback()
#1 C:\\Users\\MOHAMED\\Documents\\GitHub\\UniConnect\\back-end\\backend\\vendor\\laravel\\framework\\src\\Illuminate\\Database\\Connection.php(559): Illuminate\\Database\\Connection->run()
#2 C:\\Users\\MOHAMED\\Documents\\GitHub\\UniConnect\\back-end\\backend\\vendor\\laravel\\framework\\src\\Illuminate\\Database\\Schema\\Blueprint.php(121): Illuminate\\Database\\Connection->statement()
#3 C:\\Users\\MOHAMED\\Documents\\GitHub\\UniConnect\\back-end\\backend\\vendor\\laravel\\framework\\src\\Illuminate\\Database\\Schema\\Builder.php(650): Illuminate\\Database\\Schema\\Blueprint->build()
#4 C:\\Users\\MOHAMED\\Documents\\GitHub\\UniConnect\\back-end\\backend\\vendor\\laravel\\framework\\src\\Illuminate\\Database\\Schema\\Builder.php(504): Illuminate\\Database\\Schema\\Builder->build()
#5 C:\\Users\\MOHAMED\\Documents\\GitHub\\UniConnect\\back-end\\backend\\vendor\\laravel\\framework\\src\\Illuminate\\Support\\Facades\\Facade.php(363): Illuminate\\Database\\Schema\\Builder->create()
#6 C:\\Users\\MOHAMED\\Documents\\GitHub\\UniConnect\\back-end\\backend\\database\\migrations\\2026_01_07_124806_create_users_table.php(11): Illuminate\\Support\\Facades\\Facade::__callStatic()
#7 C:\\Users\\MOHAMED\\Documents\\GitHub\\UniConnect\\back-end\\backend\\vendor\\laravel\\framework\\src\\Illuminate\\Database\\Migrations\\Migrator.php(514): Illuminate\\Database\\Migrations\\Migration@anonymous->up()
#8 C:\\Users\\MOHAMED\\Documents\\GitHub\\UniConnect\\back-end\\backend\\vendor\\laravel\\framework\\src\\Illuminate\\Database\\Migrations\\Migrator.php(439): Illuminate\\Database\\Migrations\\Migrator->runMethod()
#9 C:\\Users\\MOHAMED\\Documents\\GitHub\\UniConnect\\back-end\\backend\\vendor\\laravel\\framework\\src\\Illuminate\\Database\\Migrations\\Migrator.php(448): Illuminate\\Database\\Migrations\\Migrator->{closure:Illuminate\\Database\\Migrations\\Migrator::runMigration():435}()
#10 C:\\Users\\MOHAMED\\Documents\\GitHub\\UniConnect\\back-end\\backend\\vendor\\laravel\\framework\\src\\Illuminate\\Database\\Migrations\\Migrator.php(250): Illuminate\\Database\\Migrations\\Migrator->runMigration()
#11 C:\\Users\\MOHAMED\\Documents\\GitHub\\UniConnect\\back-end\\backend\\vendor\\laravel\\framework\\src\\Illuminate\\Console\\View\\Components\\Task.php(41): Illuminate\\Database\\Migrations\\Migrator->{closure:Illuminate\\Database\\Migrations\\Migrator::runUp():250}()
#12 C:\\Users\\MOHAMED\\Documents\\GitHub\\UniConnect\\back-end\\backend\\vendor\\laravel\\framework\\src\\Illuminate\\Database\\Migrations\\Migrator.php(809): Illuminate\\Console\\View\\Components\\Task->render()
#13 C:\\Users\\MOHAMED\\Documents\\GitHub\\UniConnect\\back-end\\backend\\vendor\\laravel\\framework\\src\\Illuminate\\Database\\Migrations\\Migrator.php(250): Illuminate\\Database\\Migrations\\Migrator->write()
#14 C:\\Users\\MOHAMED\\Documents\\GitHub\\UniConnect\\back-end\\backend\\vendor\\laravel\\framework\\src\\Illuminate\\Database\\Migrations\\Migrator.php(210): Illuminate\\Database\\Migrations\\Migrator->runUp()
#15 C:\\Users\\MOHAMED\\Documents\\GitHub\\UniConnect\\back-end\\backend\\vendor\\laravel\\framework\\src\\Illuminate\\Database\\Migrations\\Migrator.php(137): Illuminate\\Database\\Migrations\\Migrator->runPending()
#16 C:\\Users\\MOHAMED\\Documents\\GitHub\\UniConnect\\back-end\\backend\\vendor\\laravel\\framework\\src\\Illuminate\\Database\\Console\\Migrations\\MigrateCommand.php(116): Illuminate\\Database\\Migrations\\Migrator->run()
#17 C:\\Users\\MOHAMED\\Documents\\GitHub\\UniConnect\\back-end\\backend\\vendor\\laravel\\framework\\src\\Illuminate\\Database\\Migrations\\Migrator.php(666): Illuminate\\Database\\Console\\Migrations\\MigrateCommand->{closure:Illuminate\\Database\\Console\\Migrations\\MigrateCommand::runMigrations():109}()
#18 C:\\Users\\MOHAMED\\Documents\\GitHub\\UniConnect\\back-end\\backend\\vendor\\laravel\\framework\\src\\Illuminate\\Database\\Console\\Migrations\\MigrateCommand.php(109): Illuminate\\Database\\Migrations\\Migrator->usingConnection()
#19 C:\\Users\\MOHAMED\\Documents\\GitHub\\UniConnect\\back-end\\backend\\vendor\\laravel\\framework\\src\\Illuminate\\Database\\Console\\Migrations\\MigrateCommand.php(88): Illuminate\\Database\\Console\\Migrations\\MigrateCommand->runMigrations()
#20 C:\\Users\\MOHAMED\\Documents\\GitHub\\UniConnect\\back-end\\backend\\vendor\\laravel\\framework\\src\\Illuminate\\Container\\BoundMethod.php(36): Illuminate\\Database\\Console\\Migrations\\MigrateCommand->handle()
#21 C:\\Users\\MOHAMED\\Documents\\GitHub\\UniConnect\\back-end\\backend\\vendor\\laravel\\framework\\src\\Illuminate\\Container\\Util.php(43): Illuminate\\Container\\BoundMethod::{closure:Illuminate\\Container\\BoundMethod::call():35}()
#22 C:\\Users\\MOHAMED\\Documents\\GitHub\\UniConnect\\back-end\\backend\\vendor\\laravel\\framework\\src\\Illuminate\\Container\\BoundMethod.php(96): Illuminate\\Container\\Util::unwrapIfClosure()
#23 C:\\Users\\MOHAMED\\Documents\\GitHub\\UniConnect\\back-end\\backend\\vendor\\laravel\\framework\\src\\Illuminate\\Container\\BoundMethod.php(35): Illuminate\\Container\\BoundMethod::callBoundMethod()
#24 C:\\Users\\MOHAMED\\Documents\\GitHub\\UniConnect\\back-end\\backend\\vendor\\laravel\\framework\\src\\Illuminate\\Container\\Container.php(799): Illuminate\\Container\\BoundMethod::call()
#25 C:\\Users\\MOHAMED\\Documents\\GitHub\\UniConnect\\back-end\\backend\\vendor\\laravel\\framework\\src\\Illuminate\\Console\\Command.php(211): Illuminate\\Container\\Container->call()
#26 C:\\Users\\MOHAMED\\Documents\\GitHub\\UniConnect\\back-end\\backend\\vendor\\symfony\\console\\Command\\Command.php(341): Illuminate\\Console\\Command->execute()
#27 C:\\Users\\MOHAMED\\Documents\\GitHub\\UniConnect\\back-end\\backend\\vendor\\laravel\\framework\\src\\Illuminate\\Console\\Command.php(180): Symfony\\Component\\Console\\Command\\Command->run()
#28 C:\\Users\\MOHAMED\\Documents\\GitHub\\UniConnect\\back-end\\backend\\vendor\\laravel\\framework\\src\\Illuminate\\Console\\Concerns\\CallsCommands.php(68): Illuminate\\Console\\Command->run()
#29 C:\\Users\\MOHAMED\\Documents\\GitHub\\UniConnect\\back-end\\backend\\vendor\\laravel\\framework\\src\\Illuminate\\Console\\Concerns\\CallsCommands.php(29): Illuminate\\Console\\Command->runCommand()
#30 C:\\Users\\MOHAMED\\Documents\\GitHub\\UniConnect\\back-end\\backend\\vendor\\laravel\\framework\\src\\Illuminate\\Database\\Console\\Migrations\\FreshCommand.php(81): Illuminate\\Console\\Command->call()
#31 C:\\Users\\MOHAMED\\Documents\\GitHub\\UniConnect\\back-end\\backend\\vendor\\laravel\\framework\\src\\Illuminate\\Container\\BoundMethod.php(36): Illuminate\\Database\\Console\\Migrations\\FreshCommand->handle()
#32 C:\\Users\\MOHAMED\\Documents\\GitHub\\UniConnect\\back-end\\backend\\vendor\\laravel\\framework\\src\\Illuminate\\Container\\Util.php(43): Illuminate\\Container\\BoundMethod::{closure:Illuminate\\Container\\BoundMethod::call():35}()
#33 C:\\Users\\MOHAMED\\Documents\\GitHub\\UniConnect\\back-end\\backend\\vendor\\laravel\\framework\\src\\Illuminate\\Container\\BoundMethod.php(96): Illuminate\\Container\\Util::unwrapIfClosure()
#34 C:\\Users\\MOHAMED\\Documents\\GitHub\\UniConnect\\back-end\\backend\\vendor\\laravel\\framework\\src\\Illuminate\\Container\\BoundMethod.php(35): Illuminate\\Container\\BoundMethod::callBoundMethod()
#35 C:\\Users\\MOHAMED\\Documents\\GitHub\\UniConnect\\back-end\\backend\\vendor\\laravel\\framework\\src\\Illuminate\\Container\\Container.php(799): Illuminate\\Container\\BoundMethod::call()
#36 C:\\Users\\MOHAMED\\Documents\\GitHub\\UniConnect\\back-end\\backend\\vendor\\laravel\\framework\\src\\Illuminate\\Console\\Command.php(211): Illuminate\\Container\\Container->call()
#37 C:\\Users\\MOHAMED\\Documents\\GitHub\\UniConnect\\back-end\\backend\\vendor\\symfony\\console\\Command\\Command.php(341): Illuminate\\Console\\Command->execute()
#38 C:\\Users\\MOHAMED\\Documents\\GitHub\\UniConnect\\back-end\\backend\\vendor\\laravel\\framework\\src\\Illuminate\\Console\\Command.php(180): Symfony\\Component\\Console\\Command\\Command->run()
#39 C:\\Users\\MOHAMED\\Documents\\GitHub\\UniConnect\\back-end\\backend\\vendor\\symfony\\console\\Application.php(1102): Illuminate\\Console\\Command->run()
#40 C:\\Users\\MOHAMED\\Documents\\GitHub\\UniConnect\\back-end\\backend\\vendor\\symfony\\console\\Application.php(356): Symfony\\Component\\Console\\Application->doRunCommand()
#41 C:\\Users\\MOHAMED\\Documents\\GitHub\\UniConnect\\back-end\\backend\\vendor\\symfony\\console\\Application.php(195): Symfony\\Component\\Console\\Application->doRun()
#42 C:\\Users\\MOHAMED\\Documents\\GitHub\\UniConnect\\back-end\\backend\\vendor\\laravel\\framework\\src\\Illuminate\\Foundation\\Console\\Kernel.php(198): Symfony\\Component\\Console\\Application->run()
#43 C:\\Users\\MOHAMED\\Documents\\GitHub\\UniConnect\\back-end\\backend\\vendor\\laravel\\framework\\src\\Illuminate\\Foundation\\Application.php(1235): Illuminate\\Foundation\\Console\\Kernel->handle()
#44 C:\\Users\\MOHAMED\\Documents\\GitHub\\UniConnect\\back-end\\backend\\artisan(16): Illuminate\\Foundation\\Application->handleCommand()
#45 {main}

[previous exception] [object] (PDOException(code: 42S01): SQLSTATE[42S01]: Base table or view already exists: 1050 Table 'users' already exists at C:\\Users\\MOHAMED\\Documents\\GitHub\\UniConnect\\back-end\\backend\\vendor\\laravel\\framework\\src\\Illuminate\\Database\\Connection.php:570)
[stacktrace]
#0 C:\\Users\\MOHAMED\\Documents\\GitHub\\UniConnect\\back-end\\backend\\vendor\\laravel\\framework\\src\\Illuminate\\Database\\Connection.php(570): PDOStatement->execute()
#1 C:\\Users\\MOHAMED\\Documents\\GitHub\\UniConnect\\back-end\\backend\\vendor\\laravel\\framework\\src\\Illuminate\\Database\\Connection.php(813): Illuminate\\Database\\Connection->{closure:Illuminate\\Database\\Connection::statement():559}()
#2 C:\\Users\\MOHAMED\\Documents\\GitHub\\UniConnect\\back-end\\backend\\vendor\\laravel\\framework\\src\\Illuminate\\Database\\Connection.php(780): Illuminate\\Database\\Connection->runQueryCallback()
#3 C:\\Users\\MOHAMED\\Documents\\GitHub\\UniConnect\\back-end\\backend\\vendor\\laravel\\framework\\src\\Illuminate\\Database\\Connection.php(559): Illuminate\\Database\\Connection->run()
#4 C:\\Users\\MOHAMED\\Documents\\GitHub\\UniConnect\\back-end\\backend\\vendor\\laravel\\framework\\src\\Illuminate\\Database\\Schema\\Blueprint.php(121): Illuminate\\Database\\Connection->statement()
#5 C:\\Users\\MOHAMED\\Documents\\GitHub\\UniConnect\\back-end\\backend\\vendor\\laravel\\framework\\src\\Illuminate\\Database\\Schema\\Builder.php(650): Illuminate\\Database\\Schema\\Blueprint->build()
#6 C:\\Users\\MOHAMED\\Documents\\GitHub\\UniConnect\\back-end\\backend\\vendor\\laravel\\framework\\src\\Illuminate\\Database\\Schema\\Builder.php(504): Illuminate\\Database\\Schema\\Builder->build()
#7 C:\\Users\\MOHAMED\\Documents\\GitHub\\UniConnect\\back-end\\backend\\vendor\\laravel\\framework\\src\\Illuminate\\Support\\Facades\\Facade.php(363): Illuminate\\Database\\Schema\\Builder->create()
#8 C:\\Users\\MOHAMED\\Documents\\GitHub\\UniConnect\\back-end\\backend\\database\\migrations\\2026_01_07_124806_create_users_table.php(11): Illuminate\\Support\\Facades\\Facade::__callStatic()
#9 C:\\Users\\MOHAMED\\Documents\\GitHub\\UniConnect\\back-end\\backend\\vendor\\laravel\\framework\\src\\Illuminate\\Database\\Migrations\\Migrator.php(514): Illuminate\\Database\\Migrations\\Migration@anonymous->up()
#10 C:\\Users\\MOHAMED\\Documents\\GitHub\\UniConnect\\back-end\\backend\\vendor\\laravel\\framework\\src\\Illuminate\\Database\\Migrations\\Migrator.php(439): Illuminate\\Database\\Migrations\\Migrator->runMethod()
#11 C:\\Users\\MOHAMED\\Documents\\GitHub\\UniConnect\\back-end\\backend\\vendor\\laravel\\framework\\src\\Illuminate\\Database\\Migrations\\Migrator.php(448): Illuminate\\Database\\Migrations\\Migrator->{closure:Illuminate\\Database\\Migrations\\Migrator::runMigration():435}()
#12 C:\\Users\\MOHAMED\\Documents\\GitHub\\UniConnect\\back-end\\backend\\vendor\\laravel\\framework\\src\\Illuminate\\Database\\Migrations\\Migrator.php(250): Illuminate\\Database\\Migrations\\Migrator->runMigration()
#13 C:\\Users\\MOHAMED\\Documents\\GitHub\\UniConnect\\back-end\\backend\\vendor\\laravel\\framework\\src\\Illuminate\\Console\\View\\Components\\Task.php(41): Illuminate\\Database\\Migrations\\Migrator->{closure:Illuminate\\Database\\Migrations\\Migrator::runUp():250}()
#14 C:\\Users\\MOHAMED\\Documents\\GitHub\\UniConnect\\back-end\\backend\\vendor\\laravel\\framework\\src\\Illuminate\\Database\\Migrations\\Migrator.php(809): Illuminate\\Console\\View\\Components\\Task->render()
#15 C:\\Users\\MOHAMED\\Documents\\GitHub\\UniConnect\\back-end\\backend\\vendor\\laravel\\framework\\src\\Illuminate\\Database\\Migrations\\Migrator.php(250): Illuminate\\Database\\Migrations\\Migrator->write()
#16 C:\\Users\\MOHAMED\\Documents\\GitHub\\UniConnect\\back-end\\backend\\vendor\\laravel\\framework\\src\\Illuminate\\Database\\Migrations\\Migrator.php(210): Illuminate\\Database\\Migrations\\Migrator->runUp()
#17 C:\\Users\\MOHAMED\\Documents\\GitHub\\UniConnect\\back-end\\backend\\vendor\\laravel\\framework\\src\\Illuminate\\Database\\Migrations\\Migrator.php(137): Illuminate\\Database\\Migrations\\Migrator->runPending()
#18 C:\\Users\\MOHAMED\\Documents\\GitHub\\UniConnect\\back-end\\backend\\vendor\\laravel\\framework\\src\\Illuminate\\Database\\Console\\Migrations\\MigrateCommand.php(116): Illuminate\\Database\\Migrations\\Migrator->run()
#19 C:\\Users\\MOHAMED\\Documents\\GitHub\\UniConnect\\back-end\\backend\\vendor\\laravel\\framework\\src\\Illuminate\\Database\\Migrations\\Migrator.php(666): Illuminate\\Database\\Console\\Migrations\\MigrateCommand->{closure:Illuminate\\Database\\Console\\Migrations\\MigrateCommand::runMigrations():109}()
#20 C:\\Users\\MOHAMED\\Documents\\GitHub\\UniConnect\\back-end\\backend\\vendor\\laravel\\framework\\src\\Illuminate\\Database\\Console\\Migrations\\MigrateCommand.php(109): Illuminate\\Database\\Migrations\\Migrator->usingConnection()
#21 C:\\Users\\MOHAMED\\Documents\\GitHub\\UniConnect\\back-end\\backend\\vendor\\laravel\\framework\\src\\Illuminate\\Database\\Console\\Migrations\\MigrateCommand.php(88): Illuminate\\Database\\Console\\Migrations\\MigrateCommand->runMigrations()
#22 C:\\Users\\MOHAMED\\Documents\\GitHub\\UniConnect\\back-end\\backend\\vendor\\laravel\\framework\\src\\Illuminate\\Container\\BoundMethod.php(36): Illuminate\\Database\\Console\\Migrations\\MigrateCommand->handle()
#23 C:\\Users\\MOHAMED\\Documents\\GitHub\\UniConnect\\back-end\\backend\\vendor\\laravel\\framework\\src\\Illuminate\\Container\\Util.php(43): Illuminate\\Container\\BoundMethod::{closure:Illuminate\\Container\\BoundMethod::call():35}()
#24 C:\\Users\\MOHAMED\\Documents\\GitHub\\UniConnect\\back-end\\backend\\vendor\\laravel\\framework\\src\\Illuminate\\Container\\BoundMethod.php(96): Illuminate\\Container\\Util::unwrapIfClosure()
#25 C:\\Users\\MOHAMED\\Documents\\GitHub\\UniConnect\\back-end\\backend\\vendor\\laravel\\framework\\src\\Illuminate\\Container\\BoundMethod.php(35): Illuminate\\Container\\BoundMethod::callBoundMethod()
#26 C:\\Users\\MOHAMED\\Documents\\GitHub\\UniConnect\\back-end\\backend\\vendor\\laravel\\framework\\src\\Illuminate\\Container\\Container.php(799): Illuminate\\Container\\BoundMethod::call()
#27 C:\\Users\\MOHAMED\\Documents\\GitHub\\UniConnect\\back-end\\backend\\vendor\\laravel\\framework\\src\\Illuminate\\Console\\Command.php(211): Illuminate\\Container\\Container->call()
#28 C:\\Users\\MOHAMED\\Documents\\GitHub\\UniConnect\\back-end\\backend\\vendor\\symfony\\console\\Command\\Command.php(341): Illuminate\\Console\\Command->execute()
#29 C:\\Users\\MOHAMED\\Documents\\GitHub\\UniConnect\\back-end\\backend\\vendor\\laravel\\framework\\src\\Illuminate\\Console\\Command.php(180): Symfony\\Component\\Console\\Command\\Command->run()
#30 C:\\Users\\MOHAMED\\Documents\\GitHub\\UniConnect\\back-end\\backend\\vendor\\laravel\\framework\\src\\Illuminate\\Console\\Concerns\\CallsCommands.php(68): Illuminate\\Console\\Command->run()
#31 C:\\Users\\MOHAMED\\Documents\\GitHub\\UniConnect\\back-end\\backend\\vendor\\laravel\\framework\\src\\Illuminate\\Console\\Concerns\\CallsCommands.php(29): Illuminate\\Console\\Command->runCommand()
#32 C:\\Users\\MOHAMED\\Documents\\GitHub\\UniConnect\\back-end\\backend\\vendor\\laravel\\framework\\src\\Illuminate\\Database\\Console\\Migrations\\FreshCommand.php(81): Illuminate\\Console\\Command->call()
#33 C:\\Users\\MOHAMED\\Documents\\GitHub\\UniConnect\\back-end\\backend\\vendor\\laravel\\framework\\src\\Illuminate\\Container\\BoundMethod.php(36): Illuminate\\Database\\Console\\Migrations\\FreshCommand->handle()
#34 C:\\Users\\MOHAMED\\Documents\\GitHub\\UniConnect\\back-end\\backend\\vendor\\laravel\\framework\\src\\Illuminate\\Container\\Util.php(43): Illuminate\\Container\\BoundMethod::{closure:Illuminate\\Container\\BoundMethod::call():35}()
#35 C:\\Users\\MOHAMED\\Documents\\GitHub\\UniConnect\\back-end\\backend\\vendor\\laravel\\framework\\src\\Illuminate\\Container\\BoundMethod.php(96): Illuminate\\Container\\Util::unwrapIfClosure()
#36 C:\\Users\\MOHAMED\\Documents\\GitHub\\UniConnect\\back-end\\backend\\vendor\\laravel\\framework\\src\\Illuminate\\Container\\BoundMethod.php(35): Illuminate\\Container\\BoundMethod::callBoundMethod()
#37 C:\\Users\\MOHAMED\\Documents\\GitHub\\UniConnect\\back-end\\backend\\vendor\\laravel\\framework\\src\\Illuminate\\Container\\Container.php(799): Illuminate\\Container\\BoundMethod::call()
#38 C:\\Users\\MOHAMED\\Documents\\GitHub\\UniConnect\\back-end\\backend\\vendor\\laravel\\framework\\src\\Illuminate\\Console\\Command.php(211): Illuminate\\Container\\Container->call()
#39 C:\\Users\\MOHAMED\\Documents\\GitHub\\UniConnect\\back-end\\backend\\vendor\\symfony\\console\\Command\\Command.php(341): Illuminate\\Console\\Command->execute()
#40 C:\\Users\\MOHAMED\\Documents\\GitHub\\UniConnect\\back-end\\backend\\vendor\\laravel\\framework\\src\\Illuminate\\Console\\Command.php(180): Symfony\\Component\\Console\\Command\\Command->run()
#41 C:\\Users\\MOHAMED\\Documents\\GitHub\\UniConnect\\back-end\\backend\\vendor\\symfony\\console\\Application.php(1102): Illuminate\\Console\\Command->run()
#42 C:\\Users\\MOHAMED\\Documents\\GitHub\\UniConnect\\back-end\\backend\\vendor\\symfony\\console\\Application.php(356): Symfony\\Component\\Console\\Application->doRunCommand()
#43 C:\\Users\\MOHAMED\\Documents\\GitHub\\UniConnect\\back-end\\backend\\vendor\\symfony\\console\\Application.php(195): Symfony\\Component\\Console\\Application->doRun()
#44 C:\\Users\\MOHAMED\\Documents\\GitHub\\UniConnect\\back-end\\backend\\vendor\\laravel\\framework\\src\\Illuminate\\Foundation\\Console\\Kernel.php(198): Symfony\\Component\\Console\\Application->run()
#45 C:\\Users\\MOHAMED\\Documents\\GitHub\\UniConnect\\back-end\\backend\\vendor\\laravel\\framework\\src\\Illuminate\\Foundation\\Application.php(1235): Illuminate\\Foundation\\Console\\Kernel->handle()
#46 C:\\Users\\MOHAMED\\Documents\\GitHub\\UniConnect\\back-end\\backend\\artisan(16): Illuminate\\Foundation\\Application->handleCommand()
#47 {main}
"} 
[2026-01-07 16:00:15] local.ERROR: Class "App\Http\Controllers\AuthController" does not exist {"exception":"[object] (ReflectionException(code: -1): Class \"App\\Http\\Controllers\\AuthController\" does not exist at C:\\Users\\MOHAMED\\Documents\\GitHub\\UniConnect\\back-end\\backend\\vendor\\laravel\\framework\\src\\Illuminate\\Foundation\\Console\\RouteListCommand.php:235)
[stacktrace]
#0 C:\\Users\\MOHAMED\\Documents\\GitHub\\UniConnect\\back-end\\backend\\vendor\\laravel\\framework\\src\\Illuminate\\Foundation\\Console\\RouteListCommand.php(235): ReflectionClass->__construct()
#1 C:\\Users\\MOHAMED\\Documents\\GitHub\\UniConnect\\back-end\\backend\\vendor\\laravel\\framework\\src\\Illuminate\\Foundation\\Console\\RouteListCommand.php(149): Illuminate\\Foundation\\Console\\RouteListCommand->isVendorRoute()
#2 C:\\Users\\MOHAMED\\Documents\\GitHub\\UniConnect\\back-end\\backend\\vendor\\laravel\\framework\\src\\Illuminate\\Foundation\\Console\\RouteListCommand.php(117): Illuminate\\Foundation\\Console\\RouteListCommand->getRouteInformation()
#3 [internal function]: Illuminate\\Foundation\\Console\\RouteListCommand->{closure:Illuminate\\Foundation\\Console\\RouteListCommand::getRoutes():117}()
#4 C:\\Users\\MOHAMED\\Documents\\GitHub\\UniConnect\\back-end\\backend\\vendor\\laravel\\framework\\src\\Illuminate\\Collections\\Arr.php(788): array_map()
#5 C:\\Users\\MOHAMED\\Documents\\GitHub\\UniConnect\\back-end\\backend\\vendor\\laravel\\framework\\src\\Illuminate\\Collections\\Collection.php(814): Illuminate\\Support\\Arr::map()
#6 C:\\Users\\MOHAMED\\Documents\\GitHub\\UniConnect\\back-end\\backend\\vendor\\laravel\\framework\\src\\Illuminate\\Foundation\\Console\\RouteListCommand.php(117): Illuminate\\Support\\Collection->map()
#7 C:\\Users\\MOHAMED\\Documents\\GitHub\\UniConnect\\back-end\\backend\\vendor\\laravel\\framework\\src\\Illuminate\\Foundation\\Console\\RouteListCommand.php(102): Illuminate\\Foundation\\Console\\RouteListCommand->getRoutes()
#8 C:\\Users\\MOHAMED\\Documents\\GitHub\\UniConnect\\back-end\\backend\\vendor\\laravel\\framework\\src\\Illuminate\\Container\\BoundMethod.php(36): Illuminate\\Foundation\\Console\\RouteListCommand->handle()
#9 C:\\Users\\MOHAMED\\Documents\\GitHub\\UniConnect\\back-end\\backend\\vendor\\laravel\\framework\\src\\Illuminate\\Container\\Util.php(43): Illuminate\\Container\\BoundMethod::{closure:Illuminate\\Container\\BoundMethod::call():35}()
#10 C:\\Users\\MOHAMED\\Documents\\GitHub\\UniConnect\\back-end\\backend\\vendor\\laravel\\framework\\src\\Illuminate\\Container\\BoundMethod.php(96): Illuminate\\Container\\Util::unwrapIfClosure()
#11 C:\\Users\\MOHAMED\\Documents\\GitHub\\UniConnect\\back-end\\backend\\vendor\\laravel\\framework\\src\\Illuminate\\Container\\BoundMethod.php(35): Illuminate\\Container\\BoundMethod::callBoundMethod()
#12 C:\\Users\\MOHAMED\\Documents\\GitHub\\UniConnect\\back-end\\backend\\vendor\\laravel\\framework\\src\\Illuminate\\Container\\Container.php(799): Illuminate\\Container\\BoundMethod::call()
#13 C:\\Users\\MOHAMED\\Documents\\GitHub\\UniConnect\\back-end\\backend\\vendor\\laravel\\framework\\src\\Illuminate\\Console\\Command.php(211): Illuminate\\Container\\Container->call()
#14 C:\\Users\\MOHAMED\\Documents\\GitHub\\UniConnect\\back-end\\backend\\vendor\\symfony\\console\\Command\\Command.php(341): Illuminate\\Console\\Command->execute()
#15 C:\\Users\\MOHAMED\\Documents\\GitHub\\UniConnect\\back-end\\backend\\vendor\\laravel\\framework\\src\\Illuminate\\Console\\Command.php(180): Symfony\\Component\\Console\\Command\\Command->run()
#16 C:\\Users\\MOHAMED\\Documents\\GitHub\\UniConnect\\back-end\\backend\\vendor\\symfony\\console\\Application.php(1102): Illuminate\\Console\\Command->run()
#17 C:\\Users\\MOHAMED\\Documents\\GitHub\\UniConnect\\back-end\\backend\\vendor\\symfony\\console\\Application.php(356): Symfony\\Component\\Console\\Application->doRunCommand()
#18 C:\\Users\\MOHAMED\\Documents\\GitHub\\UniConnect\\back-end\\backend\\vendor\\symfony\\console\\Application.php(195): Symfony\\Component\\Console\\Application->doRun()
#19 C:\\Users\\MOHAMED\\Documents\\GitHub\\UniConnect\\back-end\\backend\\vendor\\laravel\\framework\\src\\Illuminate\\Foundation\\Console\\Kernel.php(198): Symfony\\Component\\Console\\Application->run()
#20 C:\\Users\\MOHAMED\\Documents\\GitHub\\UniConnect\\back-end\\backend\\vendor\\laravel\\framework\\src\\Illuminate\\Foundation\\Application.php(1235): Illuminate\\Foundation\\Console\\Kernel->handle()
#21 C:\\Users\\MOHAMED\\Documents\\GitHub\\UniConnect\\back-end\\backend\\artisan(16): Illuminate\\Foundation\\Application->handleCommand()
#22 {main}
"} 
